<?xml version="1.0" encoding="UTF-8"?>
<!-- Generated by org.testng.reporters.JUnitReportReporter -->
<testsuite hostname="Junyong" name="storm.starter.bolt.RollingCountBoltTest" tests="4" failures="0" timestamp="24 Oct 2015 03:43:45 GMT" time="0.032" errors="0">
  <testcase name="shouldEmitSomethingIfAtLeastOneObjectWasCountedAndTickTupleIsReceived" time="0.000" classname="storm.starter.bolt.RollingCountBoltTest"/>
  <testcase name="shouldSetTickTupleFrequencyInComponentConfigurationToNonZeroValue" time="0.000" classname="storm.starter.bolt.RollingCountBoltTest"/>
  <testcase name="shouldDeclareOutputFields" time="0.000" classname="storm.starter.bolt.RollingCountBoltTest"/>
  <testcase name="shouldEmitNothingIfNoObjectHasBeenCountedYetAndTickTupleIsReceived" time="0.032" classname="storm.starter.bolt.RollingCountBoltTest"/>
</testsuite> <!-- storm.starter.bolt.RollingCountBoltTest -->
